Unity Editor version:    2020.3.18f1 (a7d1c678663c)
Branch:                  2020.3/staging
Build type:              Release
Batch mode:              YES
macOS version:           Version 14.5 (Build 23F79)
Darwin version:          23.5.0
Architecture:            x86_64
Running under Rosetta:   NO
Available memory:        8192 MB
Using pre-set license
Pro License: NO

COMMAND LINE ARGUMENTS:
/Applications/2020.3.18f1/Unity.app/Contents/MacOS/Unity
-adb2
-batchMode
-noUpm
-name
AssetImportWorker1
-projectPath
/Users/sdekker/Documents/GitHub/S2E_Race/Racing
-logFile
Logs/AssetImportWorker1.log
-srvPort
65393
Successfully changed project path to: /Users/sdekker/Documents/GitHub/S2E_Race/Racing
/Users/sdekker/Documents/GitHub/S2E_Race/Racing
Using Asset Import Pipeline V2.
Refreshing native plugins compatible for Editor in 494.62 ms, found 3 plugins.
Preloading 0 native plugins for Editor in 0.00 ms.
Initialize engine version: 2020.3.18f1 (a7d1c678663c)
[Subsystems] Discovering subsystems at path /Applications/2020.3.18f1/Unity.app/Contents/Resources/UnitySubsystems
[Subsystems] Discovering subsystems at path /Users/sdekker/Documents/GitHub/S2E_Race/Racing/Assets
GfxDevice: creating device client; threaded=0
2024-06-07 23:25:08.512 Unity[31800:1342671] Color LCD preferred device: Intel(R) UHD Graphics 617 (low power)
2024-06-07 23:25:08.512 Unity[31800:1342671] Metal devices available: 1
2024-06-07 23:25:08.513 Unity[31800:1342671] 0: Intel(R) UHD Graphics 617 (low power)
2024-06-07 23:25:08.514 Unity[31800:1342671] Using device Intel(R) UHD Graphics 617 (low power)
Initializing Metal device caps: Intel(R) UHD Graphics 617
Initialize mono
Mono path[0] = '/Applications/2020.3.18f1/Unity.app/Contents/Managed'
Mono path[1] = '/Applications/2020.3.18f1/Unity.app/Contents/MonoBleedingEdge/lib/mono/unityjit'
Mono config path = '/Applications/2020.3.18f1/Unity.app/Contents/MonoBleedingEdge/etc'
Using monoOptions --debugger-agent=transport=dt_socket,embedding=1,server=y,suspend=n,address=127.0.0.1:56800
Begin MonoManager ReloadAssembly
Registering precompiled unity dll's ...
Register platform support module: /Applications/2020.3.18f1/Unity.app/Contents/PlaybackEngines/MacStandaloneSupport/UnityEditor.OSXStandalone.Extensions.dll
Registered in 0.005354 seconds.
Native extension for OSXStandalone target not found
Refreshing native plugins compatible for Editor in 427.21 ms, found 3 plugins.
Preloading 0 native plugins for Editor in 0.00 ms.
Mono: successfully reloaded assembly
- Completed reload, in  8.625 seconds
Domain Reload Profiling:
	ReloadAssembly (8626ms)
		BeginReloadAssembly (280ms)
			ExecutionOrderSort (0ms)
			DisableScriptedObjects (0ms)
			BackupInstance (0ms)
			ReleaseScriptingObjects (0ms)
			CreateAndSetChildDomain (4ms)
		EndReloadAssembly (3018ms)
			LoadAssemblies (279ms)
			RebuildTransferFunctionScriptingTraits (0ms)
			SetupTypeCache (1145ms)
			ReleaseScriptCaches (0ms)
			RebuildScriptCaches (217ms)
			SetupLoadedEditorAssemblies (1344ms)
				LogAssemblyErrors (0ms)
				InitializePlatformSupportModulesInManaged (18ms)
				SetLoadedEditorAssemblies (2ms)
				RefreshPlugins (427ms)
				BeforeProcessingInitializeOnLoad (123ms)
				ProcessInitializeOnLoadAttributes (609ms)
				ProcessInitializeOnLoadMethodAttributes (163ms)
				AfterProcessingInitializeOnLoad (0ms)
				EditorAssembliesLoaded (2ms)
			ExecutionOrderSort2 (0ms)
			AwakeInstancesAfterBackupRestoration (0ms)
Platform modules already initialized, skipping
Registering precompiled user dll's ...
Registered in 0.040302 seconds.
Begin MonoManager ReloadAssembly
Native extension for OSXStandalone target not found
Refreshing native plugins compatible for Editor in 152.80 ms, found 3 plugins.
Preloading 0 native plugins for Editor in 0.00 ms.
Mono: successfully reloaded assembly
- Completed reload, in  5.323 seconds
Domain Reload Profiling:
	ReloadAssembly (5325ms)
		BeginReloadAssembly (1065ms)
			ExecutionOrderSort (0ms)
			DisableScriptedObjects (28ms)
			BackupInstance (0ms)
			ReleaseScriptingObjects (0ms)
			CreateAndSetChildDomain (235ms)
		EndReloadAssembly (4092ms)
			LoadAssemblies (461ms)
			RebuildTransferFunctionScriptingTraits (0ms)
			SetupTypeCache (1075ms)
			ReleaseScriptCaches (2ms)
			RebuildScriptCaches (178ms)
			SetupLoadedEditorAssemblies (2292ms)
				LogAssemblyErrors (0ms)
				InitializePlatformSupportModulesInManaged (7ms)
				SetLoadedEditorAssemblies (0ms)
				RefreshPlugins (153ms)
				BeforeProcessingInitializeOnLoad (192ms)
				ProcessInitializeOnLoadAttributes (1924ms)
				ProcessInitializeOnLoadMethodAttributes (12ms)
				AfterProcessingInitializeOnLoad (2ms)
				EditorAssembliesLoaded (0ms)
			ExecutionOrderSort2 (0ms)
			AwakeInstancesAfterBackupRestoration (12ms)
Platform modules already initialized, skipping
Validating Project structure ... 0.018524 seconds.
Shader import version has changed; will reimport all shaders...
Upgrading shader files ...0.053906 seconds.
Application.AssetDatabase Initial Script Refresh Start
RefreshInfo: InitialScriptRefreshV2(NoUpdateAssetOptions) scanfilter:  ... 1 filters
RefreshProfiler: Total: 0.000ms
Application.AssetDatabase Initial Script Refresh End
Application.AssetDatabase.Refresh Start
Application.AssetDatabase.Refresh End
RefreshInfo: StopAssetImportingV2(ForceSynchronousImport) scanfilter: 
RefreshProfiler: Total: 0.000ms
Launching external process: /Applications/2020.3.18f1/Unity.app/Contents/Tools/UnityShaderCompiler
Launched and connected shader compiler UnityShaderCompiler after 0.04 seconds
Initializing Unity extensions:
2024-06-07 23:25:32.507 Unity[31800:1342671] NSEventModifierFlagFunction specified to -setKeyEquivalentModifierMask: for item <NSMenuItem: 0x7f7f50ca4d50 Font Asset, ke='Command-F12'>, but is only supported for system-provided menu items; will not be used
2024-06-07 23:25:32.516 Unity[31800:1342671] NSEventModifierFlagFunction specified to -setKeyEquivalentModifierMask: for item <NSMenuItem: 0x7f7f50e64130 Font Asset, ke='Command-F12'>, but is only supported for system-provided menu items; will not be used
========================================================================
Worker process is ready to serve import requests
Refreshing native plugins compatible for Editor in 1.03 ms, found 3 plugins.
Preloading 0 native plugins for Editor in 0.00 ms.
Unloading 3129 Unused Serialized files (Serialized files now loaded: 0)
System memory in use before: 188.7 MB.
System memory in use after: 160.2 MB.

Unloading 303 unused Assets to reduce memory usage. Loaded Objects now: 3544.
Total: 17.054982 ms (FindLiveObjects: 0.586952 ms CreateObjectMapping: 0.478452 ms MarkObjects: 6.662095 ms  DeleteObjects: 9.325504 ms)

AssetImportParameters requested are different than current active one (requested -> active):
  custom:video-decoder-ogg-theora: a1e56fd34408186e4bbccfd4996cb3dc -> 
  custom:container-muxer-webm: aa71ff27fc2769a1b78a27578f13a17b -> 
  custom:container-demuxer-webm: 4f35f7cbe854078d1ac9338744f61a02 -> 
  custom:container-demuxer-ogg: 62fdf1f143b41e24485cea50d1cbac27 -> 
  custom:video-encoder-webm-vp8: eb34c28f22e8b96e1ab97ce403110664 -> 
  custom:framework-osx-AVFoundation: e770b220cccbd017edd2c1fefb359320 -> 
  custom:video-decoder-webm-vp8: 9c59270c3fd7afecdb556c50c9e8de78 -> 
  custom:audio-decoder-ogg-vorbis: bf7c407c2cedff20999df2af8eb42d56 -> 
  custom:audio-encoder-webm-vorbis: bf7c407c2cedff20999df2af8eb42d56 -> 
========================================================================
Received Import Request.
  path: Assets/KartsInputActions.inputactions
  artifactKey: Guid(fcde17e2524c0454b8757fb4b4cb29cc) Importer(815301076,1909f56bfc062723c751e8b465ee728b)
Start importing Assets/KartsInputActions.inputactions using Guid(fcde17e2524c0454b8757fb4b4cb29cc) Importer(815301076,1909f56bfc062723c751e8b465ee728b)  -> (artifact id: '9031dc2b88b8f5eee231e6bfa84307f2') in 0.311593 seconds 
  Import took 0.322256 seconds .

========================================================================
Received Import Request.
  Time since last request: 1.666336 seconds.
  path: Assets/Mod Assets/Kart/Hat Prefabs/PartyHat.prefab
  artifactKey: Guid(332a6a14085b74fdd9c8f81357a61185) Importer(815301076,1909f56bfc062723c751e8b465ee728b)
Start importing Assets/Mod Assets/Kart/Hat Prefabs/PartyHat.prefab using Guid(332a6a14085b74fdd9c8f81357a61185) Importer(815301076,1909f56bfc062723c751e8b465ee728b)  -> (artifact id: '16375bdeb288fdb20403da0a99794196') in 0.300741 seconds 
  Import took 0.310291 seconds .

========================================================================
Received Import Request.
  Time since last request: 0.005305 seconds.
  path: Assets/Mod Assets/Kart/Hat Prefabs/WizardHat.prefab
  artifactKey: Guid(942c2c1bb4e544cb09d3494e89bb8041) Importer(815301076,1909f56bfc062723c751e8b465ee728b)
Start importing Assets/Mod Assets/Kart/Hat Prefabs/WizardHat.prefab using Guid(942c2c1bb4e544cb09d3494e89bb8041) Importer(815301076,1909f56bfc062723c751e8b465ee728b)  -> (artifact id: '9fcc643546826d91c7d50956b6e33e5f') in 0.059043 seconds 
  Import took 0.072279 seconds .

========================================================================
Received Import Request.
  Time since last request: 0.000565 seconds.
  path: Assets/Mod Assets/ModResources/HatMeshes/WizardHatMesh.fbx
  artifactKey: Guid(41fa7087e84034b719aeb52d1260a81b) Importer(815301076,1909f56bfc062723c751e8b465ee728b)
Start importing Assets/Mod Assets/ModResources/HatMeshes/WizardHatMesh.fbx using Guid(41fa7087e84034b719aeb52d1260a81b) Importer(815301076,1909f56bfc062723c751e8b465ee728b)  -> (artifact id: '04a90ac7561a4292f60d3cb761f185cf') in 0.313869 seconds 
  Import took 0.324812 seconds .

========================================================================
Received Import Request.
  Time since last request: 0.008072 seconds.
  path: Assets/Mod Assets/ModResources/HatMaterials/TopHatMaterial.mat
  artifactKey: Guid(426f274c8101190469a4e99a30073c7d) Importer(815301076,1909f56bfc062723c751e8b465ee728b)
Start importing Assets/Mod Assets/ModResources/HatMaterials/TopHatMaterial.mat using Guid(426f274c8101190469a4e99a30073c7d) Importer(815301076,1909f56bfc062723c751e8b465ee728b)  -> (artifact id: 'e06a4d687bbca0cfbe1deacf0e6f5ab0') in 0.200648 seconds 
  Import took 0.214916 seconds .

========================================================================
Received Import Request.
  Time since last request: 0.007530 seconds.
  path: Assets/Mod Assets/ModResources/HatMaterials/PartyHatMaterial.mat
  artifactKey: Guid(bdf0bf742eef44db49906f57d30ad905) Importer(815301076,1909f56bfc062723c751e8b465ee728b)
Start importing Assets/Mod Assets/ModResources/HatMaterials/PartyHatMaterial.mat using Guid(bdf0bf742eef44db49906f57d30ad905) Importer(815301076,1909f56bfc062723c751e8b465ee728b)  -> (artifact id: '4f72fcc6d98902ed74855626afcfda90') in 0.057294 seconds 
  Import took 0.071137 seconds .

========================================================================
Received Import Request.
  Time since last request: 0.000545 seconds.
  path: Assets/Mod Assets/ModResources/HatMaterials/WizardHatMaterial.mat
  artifactKey: Guid(620d51c84c6b5432e8cad9adb5edfc64) Importer(815301076,1909f56bfc062723c751e8b465ee728b)
Start importing Assets/Mod Assets/ModResources/HatMaterials/WizardHatMaterial.mat using Guid(620d51c84c6b5432e8cad9adb5edfc64) Importer(815301076,1909f56bfc062723c751e8b465ee728b)  -> (artifact id: '305e1498b8f9ffb80a7bb9aab6ce760d') in 0.051604 seconds 
  Import took 0.067423 seconds .

========================================================================
Received Import Request.
  Time since last request: 0.000426 seconds.
  path: Assets/Mod Assets/ModResources/HatMeshes/PartyHatMesh.fbx
  artifactKey: Guid(34a2d77e69c9248c09fea2bd77090468) Importer(815301076,1909f56bfc062723c751e8b465ee728b)
Start importing Assets/Mod Assets/ModResources/HatMeshes/PartyHatMesh.fbx using Guid(34a2d77e69c9248c09fea2bd77090468) Importer(815301076,1909f56bfc062723c751e8b465ee728b)  -> (artifact id: 'd316d1cd2eedaa74d9efae9b43699436') in 0.080416 seconds 
  Import took 0.092613 seconds .

========================================================================
Received Import Request.
  Time since last request: 0.000447 seconds.
  path: Assets/Mod Assets/Kart/Hat Prefabs/TopHat.prefab
  artifactKey: Guid(774a4248793f3461bb91a4fe8170cdd7) Importer(815301076,1909f56bfc062723c751e8b465ee728b)
Start importing Assets/Mod Assets/Kart/Hat Prefabs/TopHat.prefab using Guid(774a4248793f3461bb91a4fe8170cdd7) Importer(815301076,1909f56bfc062723c751e8b465ee728b)  -> (artifact id: '86b39c97e7104133cb339608dadbde82') in 0.077236 seconds 
  Import took 0.087925 seconds .

========================================================================
Received Import Request.
  Time since last request: 28.195822 seconds.
  path: Assets/Mod Assets/ModResources/HatMaterials
  artifactKey: Guid(1414377055912fa40a8c72fe2add8967) Importer(815301076,1909f56bfc062723c751e8b465ee728b)
Start importing Assets/Mod Assets/ModResources/HatMaterials using Guid(1414377055912fa40a8c72fe2add8967) Importer(815301076,1909f56bfc062723c751e8b465ee728b)  -> (artifact id: '5ce410eb5ae96237b904820e709cf3b1') in 0.003607 seconds 
  Import took 0.016862 seconds .

========================================================================
Received Import Request.
  Time since last request: 17.420548 seconds.
  path: Assets/Karting/Prefabs/AI/KartClassic_NeuralNetwork.nn
  artifactKey: Guid(90f46a43ed0f2f548a60958c3c237264) Importer(815301076,1909f56bfc062723c751e8b465ee728b)
Start importing Assets/Karting/Prefabs/AI/KartClassic_NeuralNetwork.nn using Guid(90f46a43ed0f2f548a60958c3c237264) Importer(815301076,1909f56bfc062723c751e8b465ee728b) NullReferenceException
  at (wrapper managed-to-native) UnityEditor.EditorUtility.CopySerialized(UnityEngine.Object,UnityEngine.Object)
  at Unity.Barracuda.NNModelEditor.RenderStaticPreview (System.String assetPath, UnityEngine.Object[] subAssets, System.Int32 width, System.Int32 height) [0x00009] in /Users/sdekker/Documents/GitHub/S2E_Race/Racing/Library/PackageCache/com.unity.barracuda@1.0.4/Barracuda/Editor/ONNXModelImporterEditor.cs:85 
  at UnityEditor.AssetPreviewUpdater.CreatePreviewForAsset (UnityEngine.Object obj, UnityEngine.Object[] subAssets, System.String assetPath) [0x0008a] in /Users/bokken/buildslave/unity/build/Editor/Mono/AssetPreviewUpdater.cs:33 

 -> (artifact id: '9021bc1694fb395b90cb05ade297bd05') in 0.227169 seconds 
  Import took 0.235587 seconds .

========================================================================
Received Import Request.
  Time since last request: 0.471559 seconds.
  path: Assets/Karting/Prefabs/Cameras/CinemachineVirtualCamera.prefab
  artifactKey: Guid(4366ba6a4d5213d4f9fc7bba3e778799) Importer(815301076,1909f56bfc062723c751e8b465ee728b)
Start importing Assets/Karting/Prefabs/Cameras/CinemachineVirtualCamera.prefab using Guid(4366ba6a4d5213d4f9fc7bba3e778799) Importer(815301076,1909f56bfc062723c751e8b465ee728b)  -> (artifact id: 'b0ce5142e0d3571360cfcaf1701c4d93') in 0.035258 seconds 
  Import took 0.044730 seconds .

========================================================================
Received Import Request.
  Time since last request: 1.083007 seconds.
  path: Assets/Karting/Prefabs/Environment/Building01CornerPlain.prefab
  artifactKey: Guid(923761a646988454ba4628782e4e8ccf) Importer(815301076,1909f56bfc062723c751e8b465ee728b)
Start importing Assets/Karting/Prefabs/Environment/Building01CornerPlain.prefab using Guid(923761a646988454ba4628782e4e8ccf) Importer(815301076,1909f56bfc062723c751e8b465ee728b)  -> (artifact id: 'e358fa634b64c177c913cd3d1dbe2e5d') in 0.020780 seconds 
  Import took 0.029287 seconds .

========================================================================
Received Import Request.
  Time since last request: 0.000443 seconds.
  path: Assets/Karting/Prefabs/Environment/BuildingTall.prefab
  artifactKey: Guid(041b3704a3df0fd4a8e325e3044c3b5e) Importer(815301076,1909f56bfc062723c751e8b465ee728b)
Start importing Assets/Karting/Prefabs/Environment/BuildingTall.prefab using Guid(041b3704a3df0fd4a8e325e3044c3b5e) Importer(815301076,1909f56bfc062723c751e8b465ee728b)  -> (artifact id: '94119c9b053455e5effdb55d7c28a911') in 0.073470 seconds 
  Import took 0.083117 seconds .

========================================================================
Received Import Request.
  Time since last request: 0.000372 seconds.
  path: Assets/Karting/Prefabs/Environment/Building01WallPlain.prefab
  artifactKey: Guid(f07bce605608dc6459230649729bfc26) Importer(815301076,1909f56bfc062723c751e8b465ee728b)
Start importing Assets/Karting/Prefabs/Environment/Building01WallPlain.prefab using Guid(f07bce605608dc6459230649729bfc26) Importer(815301076,1909f56bfc062723c751e8b465ee728b)  -> (artifact id: 'dd28a98e13cc09014e587d63be006da7') in 0.043998 seconds 
  Import took 0.055077 seconds .

========================================================================
Received Import Request.
  Time since last request: 0.000507 seconds.
  path: Assets/Karting/Prefabs/Environment/Cloud.prefab
  artifactKey: Guid(0ed853fb7c32d144cb93f3ac44c6160f) Importer(815301076,1909f56bfc062723c751e8b465ee728b)
Start importing Assets/Karting/Prefabs/Environment/Cloud.prefab using Guid(0ed853fb7c32d144cb93f3ac44c6160f) Importer(815301076,1909f56bfc062723c751e8b465ee728b)  -> (artifact id: '6cd08f188d69378ba24ccca1b75bd892') in 0.033021 seconds 
  Import took 0.048327 seconds .

========================================================================
Received Import Request.
  Time since last request: 0.000611 seconds.
  path: Assets/Karting/Prefabs/Environment/Building02WallBricks.prefab
  artifactKey: Guid(3beaf9cd12e8c0a4d921aa0bb65380c5) Importer(815301076,1909f56bfc062723c751e8b465ee728b)
Start importing Assets/Karting/Prefabs/Environment/Building02WallBricks.prefab using Guid(3beaf9cd12e8c0a4d921aa0bb65380c5) Importer(815301076,1909f56bfc062723c751e8b465ee728b)  -> (artifact id: 'e5a170551d8307f4c5e1fbae7415f24d') in 0.028541 seconds 
  Import took 0.040463 seconds .

========================================================================
Received Import Request.
  Time since last request: 0.007079 seconds.
  path: Assets/Karting/Prefabs/Environment/BuildingShortVariant.prefab
  artifactKey: Guid(5a26b42ae21484a788ef46734433befa) Importer(815301076,1909f56bfc062723c751e8b465ee728b)
Start importing Assets/Karting/Prefabs/Environment/BuildingShortVariant.prefab using Guid(5a26b42ae21484a788ef46734433befa) Importer(815301076,1909f56bfc062723c751e8b465ee728b)  -> (artifact id: '808fb53dcf0bc6ed1c03fe61267ad046') in 0.032469 seconds 
  Import took 0.054990 seconds .

========================================================================
Received Import Request.
  Time since last request: 0.012195 seconds.
  path: Assets/Karting/Prefabs/Environment/Building04CornerBarWindow.prefab
  artifactKey: Guid(3f594d06d830e14489ebc7742a970154) Importer(815301076,1909f56bfc062723c751e8b465ee728b)
Start importing Assets/Karting/Prefabs/Environment/Building04CornerBarWindow.prefab using Guid(3f594d06d830e14489ebc7742a970154) Importer(815301076,1909f56bfc062723c751e8b465ee728b)  -> (artifact id: 'c1563205c427e19bb17180a1b04c3e69') in 0.053939 seconds 
  Import took 0.071717 seconds .

========================================================================
Received Import Request.
  Time since last request: 0.000797 seconds.
  path: Assets/Karting/Prefabs/Environment/BuildingShort.prefab
  artifactKey: Guid(45c52fcc7429b214c8f9a6d85321ba77) Importer(815301076,1909f56bfc062723c751e8b465ee728b)
Start importing Assets/Karting/Prefabs/Environment/BuildingShort.prefab using Guid(45c52fcc7429b214c8f9a6d85321ba77) Importer(815301076,1909f56bfc062723c751e8b465ee728b)  -> (artifact id: '79ea98e932c4889d7feaf71f6a551e86') in 0.038421 seconds 
  Import took 0.054318 seconds .

========================================================================
Received Import Request.
  Time since last request: 0.000433 seconds.
  path: Assets/Karting/Prefabs/Environment/Building02CornerBricks.prefab
  artifactKey: Guid(bd77db49972d95a4e9b24a8a7ed148f8) Importer(815301076,1909f56bfc062723c751e8b465ee728b)
Start importing Assets/Karting/Prefabs/Environment/Building02CornerBricks.prefab using Guid(bd77db49972d95a4e9b24a8a7ed148f8) Importer(815301076,1909f56bfc062723c751e8b465ee728b)  -> (artifact id: '408abae03a2caa344d89a542b8a09822') in 0.046861 seconds 
  Import took 0.059886 seconds .

========================================================================
Received Import Request.
  Time since last request: 0.000888 seconds.
  path: Assets/Karting/Prefabs/Environment/Building03CornerWideWindow.prefab
  artifactKey: Guid(cf5ab07c03b83524e836d5c8b148ff85) Importer(815301076,1909f56bfc062723c751e8b465ee728b)
Start importing Assets/Karting/Prefabs/Environment/Building03CornerWideWindow.prefab using Guid(cf5ab07c03b83524e836d5c8b148ff85) Importer(815301076,1909f56bfc062723c751e8b465ee728b)  -> (artifact id: '592eb0fdf3a36ef4bc76905da6eb4a1a') in 0.025855 seconds 
  Import took 0.040196 seconds .

========================================================================
Received Import Request.
  Time since last request: 0.000533 seconds.
  path: Assets/Karting/Prefabs/Environment/BuildingThin.prefab
  artifactKey: Guid(6e78c73d0c22422438a45bea2842fcfb) Importer(815301076,1909f56bfc062723c751e8b465ee728b)
Start importing Assets/Karting/Prefabs/Environment/BuildingThin.prefab using Guid(6e78c73d0c22422438a45bea2842fcfb) Importer(815301076,1909f56bfc062723c751e8b465ee728b)  -> (artifact id: '470e71aa388f2ed6cda3a0950e5186f8') in 0.058212 seconds 
  Import took 0.074849 seconds .

========================================================================
Received Import Request.
  Time since last request: 0.000708 seconds.
  path: Assets/Karting/Prefabs/Environment/TreeBox.prefab
  artifactKey: Guid(08421f76a47df7249a20d39e885964b3) Importer(815301076,1909f56bfc062723c751e8b465ee728b)
Start importing Assets/Karting/Prefabs/Environment/TreeBox.prefab using Guid(08421f76a47df7249a20d39e885964b3) Importer(815301076,1909f56bfc062723c751e8b465ee728b)  -> (artifact id: '390b9ffca4e94ca37e8179e3377b5f4b') in 0.036504 seconds 
  Import took 0.051748 seconds .

========================================================================
Received Import Request.
  Time since last request: 0.000413 seconds.
  path: Assets/Karting/Prefabs/Environment/TreeRound.prefab
  artifactKey: Guid(f825600eaf118ef48b19d55e234266b1) Importer(815301076,1909f56bfc062723c751e8b465ee728b)
Start importing Assets/Karting/Prefabs/Environment/TreeRound.prefab using Guid(f825600eaf118ef48b19d55e234266b1) Importer(815301076,1909f56bfc062723c751e8b465ee728b)  -> (artifact id: '4071e10a43d19a67d713333ea7d316c3') in 0.054987 seconds 
  Import took 0.066591 seconds .

========================================================================
Received Import Request.
  Time since last request: 0.000512 seconds.
  path: Assets/Karting/Prefabs/Environment/Building04WallBarWindow.prefab
  artifactKey: Guid(794d7887e37d36c4d9b21be9f21c9738) Importer(815301076,1909f56bfc062723c751e8b465ee728b)
Start importing Assets/Karting/Prefabs/Environment/Building04WallBarWindow.prefab using Guid(794d7887e37d36c4d9b21be9f21c9738) Importer(815301076,1909f56bfc062723c751e8b465ee728b)  -> (artifact id: 'ee659a955fda94c7553264b2bbcdfe32') in 0.038068 seconds 
  Import took 0.050082 seconds .

========================================================================
Received Import Request.
  Time since last request: 0.000415 seconds.
  path: Assets/Karting/Prefabs/Environment/StoneFlat.prefab
  artifactKey: Guid(3796997fde0c29b4180a4ec756403b34) Importer(815301076,1909f56bfc062723c751e8b465ee728b)
Start importing Assets/Karting/Prefabs/Environment/StoneFlat.prefab using Guid(3796997fde0c29b4180a4ec756403b34) Importer(815301076,1909f56bfc062723c751e8b465ee728b)  -> (artifact id: '6b015d67fd7a3d7d6110579d50dc6cdf') in 0.028161 seconds 
  Import took 0.038047 seconds .

========================================================================
Received Import Request.
  Time since last request: 0.004966 seconds.
  path: Assets/Karting/Prefabs/Environment/Building01WallDoor.prefab
  artifactKey: Guid(5253c1ae2034fdd41aba64cc0e4e9ee8) Importer(815301076,1909f56bfc062723c751e8b465ee728b)
Start importing Assets/Karting/Prefabs/Environment/Building01WallDoor.prefab using Guid(5253c1ae2034fdd41aba64cc0e4e9ee8) Importer(815301076,1909f56bfc062723c751e8b465ee728b)  -> (artifact id: '049305b2dbbd2a9fbbdcc51fe5e25f4b') in 0.028280 seconds 
  Import took 0.044688 seconds .

========================================================================
Received Import Request.
  Time since last request: 0.001370 seconds.
  path: Assets/Karting/Prefabs/Environment/StoneRound.prefab
  artifactKey: Guid(230dd9257fca2c249b555f6edd3c8e14) Importer(815301076,1909f56bfc062723c751e8b465ee728b)
Start importing Assets/Karting/Prefabs/Environment/StoneRound.prefab using Guid(230dd9257fca2c249b555f6edd3c8e14) Importer(815301076,1909f56bfc062723c751e8b465ee728b)  -> (artifact id: '554b6f1ab957f9f62d43d132a02bf712') in 0.041947 seconds 
  Import took 0.057988 seconds .

========================================================================
Received Import Request.
  Time since last request: 0.013761 seconds.
  path: Assets/Karting/Prefabs/Environment/Building03WallWideWindow.prefab
  artifactKey: Guid(b242def909bdd1f4d8b54505acb6c911) Importer(815301076,1909f56bfc062723c751e8b465ee728b)
Start importing Assets/Karting/Prefabs/Environment/Building03WallWideWindow.prefab using Guid(b242def909bdd1f4d8b54505acb6c911) Importer(815301076,1909f56bfc062723c751e8b465ee728b)  -> (artifact id: '45cacf628a3266d4239d17fdab7007fd') in 0.054617 seconds 
  Import took 0.069194 seconds .

========================================================================
Received Import Request.
  Time since last request: 0.000536 seconds.
  path: Assets/Karting/Prefabs/Environment/BuildingMedium.prefab
  artifactKey: Guid(88017844a1245554fb36a6790969f12e) Importer(815301076,1909f56bfc062723c751e8b465ee728b)
Start importing Assets/Karting/Prefabs/Environment/BuildingMedium.prefab using Guid(88017844a1245554fb36a6790969f12e) Importer(815301076,1909f56bfc062723c751e8b465ee728b)  -> (artifact id: 'd1c56dde1464bd5ee26adaba3ccd202a') in 0.044915 seconds 
  Import took 0.056368 seconds .

========================================================================
Received Import Request.
  Time since last request: 0.000415 seconds.
  path: Assets/Karting/Prefabs/Environment/Building03WallWideWindow.prefab
  artifactKey: Guid(b242def909bdd1f4d8b54505acb6c911) Importer(815301076,1909f56bfc062723c751e8b465ee728b)
Start importing Assets/Karting/Prefabs/Environment/Building03WallWideWindow.prefab using Guid(b242def909bdd1f4d8b54505acb6c911) Importer(815301076,1909f56bfc062723c751e8b465ee728b)  -> (artifact id: '45cacf628a3266d4239d17fdab7007fd') in 0.048503 seconds 
  Import took 0.058425 seconds .

========================================================================
Received Import Request.
  Time since last request: 0.009303 seconds.
  path: Assets/Karting/Prefabs/GameModes/ObjectiveCrashMode.prefab
  artifactKey: Guid(0cfd46575c9fef94e94a772755910886) Importer(815301076,1909f56bfc062723c751e8b465ee728b)
Start importing Assets/Karting/Prefabs/GameModes/ObjectiveCrashMode.prefab using Guid(0cfd46575c9fef94e94a772755910886) Importer(815301076,1909f56bfc062723c751e8b465ee728b)  -> (artifact id: '09dd5fe4ece3755574afced0a2287715') in 0.107171 seconds 
  Import took 0.114707 seconds .

========================================================================
Received Import Request.
  Time since last request: 0.000396 seconds.
  path: Assets/Karting/Prefabs/GameModes/ObjectiveTimeLimit.prefab
  artifactKey: Guid(d5cf9c31208d745c1856acc71c9cb1ca) Importer(815301076,1909f56bfc062723c751e8b465ee728b)
Start importing Assets/Karting/Prefabs/GameModes/ObjectiveTimeLimit.prefab using Guid(d5cf9c31208d745c1856acc71c9cb1ca) Importer(815301076,1909f56bfc062723c751e8b465ee728b)  -> (artifact id: '0eece087546e1f48426470ff63d22c2f') in 0.025529 seconds 
  Import took 0.038515 seconds .

========================================================================
Received Import Request.
  Time since last request: 0.000534 seconds.
  path: Assets/Karting/Prefabs/GameModes/ObjectiveLaps.prefab
  artifactKey: Guid(9982527ae59625f4db19031743e8e79d) Importer(815301076,1909f56bfc062723c751e8b465ee728b)
Start importing Assets/Karting/Prefabs/GameModes/ObjectiveLaps.prefab using Guid(9982527ae59625f4db19031743e8e79d) Importer(815301076,1909f56bfc062723c751e8b465ee728b)  -> (artifact id: 'a8a09b2da1d66005d3f835191cfee24d') in 0.026686 seconds 
  Import took 0.042715 seconds .

========================================================================
Received Import Request.
  Time since last request: 1.441660 seconds.
  path: Assets/Karting/Prefabs/KartClassic/BaseKartClassic.prefab
  artifactKey: Guid(cba6236a3ca88a54081cc989c4f0c08a) Importer(815301076,1909f56bfc062723c751e8b465ee728b)
Start importing Assets/Karting/Prefabs/KartClassic/BaseKartClassic.prefab using Guid(cba6236a3ca88a54081cc989c4f0c08a) Importer(815301076,1909f56bfc062723c751e8b465ee728b)  -> (artifact id: '9aa4d306249dd24e370502708ff9d589') in 0.036360 seconds 
  Import took 0.045605 seconds .

========================================================================
Received Import Request.
  Time since last request: 0.000351 seconds.
  path: Assets/Karting/Prefabs/KartClassic/MLAgent_Sensors.prefab
  artifactKey: Guid(89eb64e47eca20d46b2b6de7cb33fb77) Importer(815301076,1909f56bfc062723c751e8b465ee728b)
Start importing Assets/Karting/Prefabs/KartClassic/MLAgent_Sensors.prefab using Guid(89eb64e47eca20d46b2b6de7cb33fb77) Importer(815301076,1909f56bfc062723c751e8b465ee728b)  -> (artifact id: '0bddd8dfa82a9468b4c719842d890eed') in 0.010939 seconds 
  Import took 0.024144 seconds .

========================================================================
Received Import Request.
  Time since last request: 0.000672 seconds.
  path: Assets/Karting/Prefabs/KartClassic/KartClassic_Player.prefab
  artifactKey: Guid(19954de30401f73428254541a9ad156e) Importer(815301076,1909f56bfc062723c751e8b465ee728b)
Start importing Assets/Karting/Prefabs/KartClassic/KartClassic_Player.prefab using Guid(19954de30401f73428254541a9ad156e) Importer(815301076,1909f56bfc062723c751e8b465ee728b)  -> (artifact id: 'a649bcb151f5cb19fde4d00cf83c1982') in 0.103345 seconds 
  Import took 0.120412 seconds .

========================================================================
Received Import Request.
  Time since last request: 0.000546 seconds.
  path: Assets/Karting/Prefabs/KartClassic/KartClassic_MLAgent.prefab
  artifactKey: Guid(5f7c5784d4776074089b56351be94b74) Importer(815301076,1909f56bfc062723c751e8b465ee728b)
Start importing Assets/Karting/Prefabs/KartClassic/KartClassic_MLAgent.prefab using Guid(5f7c5784d4776074089b56351be94b74) Importer(815301076,1909f56bfc062723c751e8b465ee728b)  -> (artifact id: '65cfac5c062ef154d6c3fac2519ee7d9') in 0.079421 seconds 
  Import took 0.097485 seconds .

========================================================================
Received Import Request.
  Time since last request: 0.960649 seconds.
  path: Assets/Karting/Prefabs/Props/Checkpoint.prefab
  artifactKey: Guid(6d9796d84c9e5a54fb4e014484945a46) Importer(815301076,1909f56bfc062723c751e8b465ee728b)
Start importing Assets/Karting/Prefabs/Props/Checkpoint.prefab using Guid(6d9796d84c9e5a54fb4e014484945a46) Importer(815301076,1909f56bfc062723c751e8b465ee728b)  -> (artifact id: 'a93c3729353eeefc5b14abdfeef28608') in 0.027863 seconds 
  Import took 0.038665 seconds .

========================================================================
Received Import Request.
  Time since last request: 0.000440 seconds.
  path: Assets/Karting/Prefabs/Props/JumpRamp.prefab
  artifactKey: Guid(db0af21853ba047fda7b6e30b74ffedf) Importer(815301076,1909f56bfc062723c751e8b465ee728b)
Start importing Assets/Karting/Prefabs/Props/JumpRamp.prefab using Guid(db0af21853ba047fda7b6e30b74ffedf) Importer(815301076,1909f56bfc062723c751e8b465ee728b)  -> (artifact id: 'fc87d1aa4e1ffb2debd863aef1571598') in 0.037956 seconds 
  Import took 0.049443 seconds .

========================================================================
Received Import Request.
  Time since last request: 0.000495 seconds.
  path: Assets/Karting/Prefabs/Props/LapCheckpoint.prefab
  artifactKey: Guid(63c348de78fb78f44befbc3f5bccddc0) Importer(815301076,1909f56bfc062723c751e8b465ee728b)
Start importing Assets/Karting/Prefabs/Props/LapCheckpoint.prefab using Guid(63c348de78fb78f44befbc3f5bccddc0) Importer(815301076,1909f56bfc062723c751e8b465ee728b)  -> (artifact id: 'fa5e692de2199e2c9d96e873a4d50d5d') in 0.036756 seconds 
  Import took 0.053314 seconds .

========================================================================
Received Import Request.
  Time since last request: 0.000479 seconds.
  path: Assets/Karting/Prefabs/Props/Coin.prefab
  artifactKey: Guid(a1d35fa3bcb7be8409976a28d75e3592) Importer(815301076,1909f56bfc062723c751e8b465ee728b)
Start importing Assets/Karting/Prefabs/Props/Coin.prefab using Guid(a1d35fa3bcb7be8409976a28d75e3592) Importer(815301076,1909f56bfc062723c751e8b465ee728b)  -> (artifact id: 'c6769bdbd1b9703a71867e26d958c90b') in 0.035165 seconds 
  Import took 0.051877 seconds .

========================================================================
Received Import Request.
  Time since last request: 0.000829 seconds.
  path: Assets/Karting/Prefabs/Props/StartFinishLine.prefab
  artifactKey: Guid(5cdf1b2b8a98d6e40a85d1cde3907099) Importer(815301076,1909f56bfc062723c751e8b465ee728b)
Start importing Assets/Karting/Prefabs/Props/StartFinishLine.prefab using Guid(5cdf1b2b8a98d6e40a85d1cde3907099) Importer(815301076,1909f56bfc062723c751e8b465ee728b)  -> (artifact id: 'b27dd66a207ce763f7f5697b3408c5ba') in 0.054057 seconds 
  Import took 0.068442 seconds .

========================================================================
Received Import Request.
  Time since last request: 0.000573 seconds.
  path: Assets/Karting/Prefabs/Props/CrashObject.prefab
  artifactKey: Guid(29be64d49c04eed4781cd23c6865ca7c) Importer(815301076,1909f56bfc062723c751e8b465ee728b)
Start importing Assets/Karting/Prefabs/Props/CrashObject.prefab using Guid(29be64d49c04eed4781cd23c6865ca7c) Importer(815301076,1909f56bfc062723c751e8b465ee728b)  -> (artifact id: '0ada65caedd1526bd3909f071af4266e') in 0.076299 seconds 
  Import took 0.088366 seconds .

========================================================================
Received Import Request.
  Time since last request: 0.000511 seconds.
  path: Assets/Karting/Prefabs/Props/PhysicsBall_Default.prefab
  artifactKey: Guid(1d806fa299adb8a4eab57244b3d27969) Importer(815301076,1909f56bfc062723c751e8b465ee728b)
Start importing Assets/Karting/Prefabs/Props/PhysicsBall_Default.prefab using Guid(1d806fa299adb8a4eab57244b3d27969) Importer(815301076,1909f56bfc062723c751e8b465ee728b)  -> (artifact id: '652281c6c3486d09592cbd20b9cf41c5') in 0.050940 seconds 
  Import took 0.062536 seconds .

========================================================================
Received Import Request.
  Time since last request: 0.010068 seconds.
  path: Assets/Karting/Prefabs/Props/PhysicsBall_Default.prefab
  artifactKey: Guid(1d806fa299adb8a4eab57244b3d27969) Importer(815301076,1909f56bfc062723c751e8b465ee728b)
Start importing Assets/Karting/Prefabs/Props/PhysicsBall_Default.prefab using Guid(1d806fa299adb8a4eab57244b3d27969) Importer(815301076,1909f56bfc062723c751e8b465ee728b)  -> (artifact id: '652281c6c3486d09592cbd20b9cf41c5') in 0.043976 seconds 
  Import took 0.061312 seconds .

========================================================================
Received Import Request.
  Time since last request: 1.311464 seconds.
  path: Assets/Karting/Prefabs/Setup/ArcadeEngineAudio.prefab
  artifactKey: Guid(129aa9342650245cbadf61f8391f3878) Importer(815301076,1909f56bfc062723c751e8b465ee728b)
Start importing Assets/Karting/Prefabs/Setup/ArcadeEngineAudio.prefab using Guid(129aa9342650245cbadf61f8391f3878) Importer(815301076,1909f56bfc062723c751e8b465ee728b)  -> (artifact id: 'c47c42a0840c9d3d5fa6f88575768c4f') in 0.008022 seconds 
  Import took 0.018654 seconds .

========================================================================
Received Import Request.
  Time since last request: 0.000444 seconds.
  path: Assets/Karting/Prefabs/Setup/GameManager.prefab
  artifactKey: Guid(b26c4a65cf4c6475a92bfd03c2c3282b) Importer(815301076,1909f56bfc062723c751e8b465ee728b)
Start importing Assets/Karting/Prefabs/Setup/GameManager.prefab using Guid(b26c4a65cf4c6475a92bfd03c2c3282b) Importer(815301076,1909f56bfc062723c751e8b465ee728b)  -> (artifact id: 'ee8f526c0852e26dd47b7ae210f8edc8') in 0.179062 seconds 
  Import took 0.190161 seconds .

========================================================================
Received Import Request.
  Time since last request: 0.000437 seconds.
  path: Assets/Karting/Prefabs/Setup/EngineAudio.prefab
  artifactKey: Guid(ec5cb92a3a3d940e48635d86be0448cc) Importer(815301076,1909f56bfc062723c751e8b465ee728b)
Start importing Assets/Karting/Prefabs/Setup/EngineAudio.prefab using Guid(ec5cb92a3a3d940e48635d86be0448cc) Importer(815301076,1909f56bfc062723c751e8b465ee728b)  -> (artifact id: 'bb0d49518c1042b3c4cc2bcd0d444956') in 0.021032 seconds 
  Import took 0.034873 seconds .

========================================================================
Received Import Request.
  Time since last request: 2.124322 seconds.
  path: Assets/Karting/Prefabs/Tracks/CountryTrack.prefab
  artifactKey: Guid(c1465277406c31d4f95e76f5f908a3d4) Importer(815301076,1909f56bfc062723c751e8b465ee728b)
Start importing Assets/Karting/Prefabs/Tracks/CountryTrack.prefab using Guid(c1465277406c31d4f95e76f5f908a3d4) Importer(815301076,1909f56bfc062723c751e8b465ee728b)  -> (artifact id: 'bad9d48fcc6837105c88e042095558b5') in 0.049905 seconds 
  Import took 0.061410 seconds .

========================================================================
Received Import Request.
  Time since last request: 0.000510 seconds.
  path: Assets/Karting/Prefabs/Tracks/WindingTrack.prefab
  artifactKey: Guid(fb0875b1cc43b99419d4a6cd704d6172) Importer(815301076,1909f56bfc062723c751e8b465ee728b)
Start importing Assets/Karting/Prefabs/Tracks/WindingTrack.prefab using Guid(fb0875b1cc43b99419d4a6cd704d6172) Importer(815301076,1909f56bfc062723c751e8b465ee728b)  -> (artifact id: '6b85eb8ca32a47f8e2c9f24b14c56ae6') in 0.059394 seconds 
  Import took 0.070839 seconds .

========================================================================
Received Import Request.
  Time since last request: 0.000419 seconds.
  path: Assets/Karting/Prefabs/Tracks/OvalTrack.prefab
  artifactKey: Guid(1104577a8dca93f4fbe1cbc32ef89d82) Importer(815301076,1909f56bfc062723c751e8b465ee728b)
Start importing Assets/Karting/Prefabs/Tracks/OvalTrack.prefab using Guid(1104577a8dca93f4fbe1cbc32ef89d82) Importer(815301076,1909f56bfc062723c751e8b465ee728b)  -> (artifact id: 'f5a6a15c1f84830acf028bbf478ad2f3') in 0.051959 seconds 
  Import took 0.062681 seconds .

========================================================================
Received Import Request.
  Time since last request: 0.008097 seconds.
  path: Assets/Karting/Prefabs/Tracks/MountainTrack.prefab
  artifactKey: Guid(0bfa237f7a52e4d49b8f974538593e0c) Importer(815301076,1909f56bfc062723c751e8b465ee728b)
Start importing Assets/Karting/Prefabs/Tracks/MountainTrack.prefab using Guid(0bfa237f7a52e4d49b8f974538593e0c) Importer(815301076,1909f56bfc062723c751e8b465ee728b)  -> (artifact id: '62d7dc2f1518394b2b51904b06cd81a9') in 0.065430 seconds 
  Import took 0.081051 seconds .

========================================================================
Received Import Request.
  Time since last request: 0.000422 seconds.
  path: Assets/Karting/Prefabs/Tracks/OvalTrack_Addon.prefab
  artifactKey: Guid(3cad09ac39b91684385ff5903ded4fc3) Importer(815301076,1909f56bfc062723c751e8b465ee728b)
Start importing Assets/Karting/Prefabs/Tracks/OvalTrack_Addon.prefab using Guid(3cad09ac39b91684385ff5903ded4fc3) Importer(815301076,1909f56bfc062723c751e8b465ee728b)  -> (artifact id: '7a39c56216be3648df4ce86d93026361') in 0.057224 seconds 
  Import took 0.075640 seconds .

========================================================================
Received Import Request.
  Time since last request: 0.418393 seconds.
  path: Assets/Karting/Prefabs/TrainingTracks/CountryTrack_Training.prefab
  artifactKey: Guid(ca9b8cb628757af4fbb9f00728cb1711) Importer(815301076,1909f56bfc062723c751e8b465ee728b)
Start importing Assets/Karting/Prefabs/TrainingTracks/CountryTrack_Training.prefab using Guid(ca9b8cb628757af4fbb9f00728cb1711) Importer(815301076,1909f56bfc062723c751e8b465ee728b)  -> (artifact id: '89ebb047c0990f0d54282d52555af9df') in 0.026483 seconds 
  Import took 0.036992 seconds .

========================================================================
Received Import Request.
  Time since last request: 0.000369 seconds.
  path: Assets/Karting/Prefabs/TrainingTracks/OvalTrack_Training.prefab
  artifactKey: Guid(331ae6cab0476fa45a1493448adfb9c7) Importer(815301076,1909f56bfc062723c751e8b465ee728b)
Start importing Assets/Karting/Prefabs/TrainingTracks/OvalTrack_Training.prefab using Guid(331ae6cab0476fa45a1493448adfb9c7) Importer(815301076,1909f56bfc062723c751e8b465ee728b)  -> (artifact id: '6baf1d957bdd7ae563bb432535be2a5c') in 0.037991 seconds 
  Import took 0.049446 seconds .

========================================================================
Received Import Request.
  Time since last request: 0.000419 seconds.
  path: Assets/Karting/Prefabs/TrainingTracks/WindingTrack_Training.prefab
  artifactKey: Guid(9a92f3f32c8f0fc4482a893deac1ba4c) Importer(815301076,1909f56bfc062723c751e8b465ee728b)
Start importing Assets/Karting/Prefabs/TrainingTracks/WindingTrack_Training.prefab using Guid(9a92f3f32c8f0fc4482a893deac1ba4c) Importer(815301076,1909f56bfc062723c751e8b465ee728b)  -> (artifact id: '1422a767b4ccf5dba059159e686f8778') in 0.053558 seconds 
  Import took 0.071074 seconds .

========================================================================
Received Import Request.
  Time since last request: 0.000400 seconds.
  path: Assets/Karting/Prefabs/TrainingTracks/MountainTrack_Training.prefab
  artifactKey: Guid(e15cca6e92bc8ab4c9fa5d92ef927584) Importer(815301076,1909f56bfc062723c751e8b465ee728b)
Start importing Assets/Karting/Prefabs/TrainingTracks/MountainTrack_Training.prefab using Guid(e15cca6e92bc8ab4c9fa5d92ef927584) Importer(815301076,1909f56bfc062723c751e8b465ee728b)  -> (artifact id: 'e29a75ec78693113477a0884ff29b493') in 0.052049 seconds 
  Import took 0.064361 seconds .

========================================================================
Received Import Request.
  Time since last request: 0.723891 seconds.
  path: Assets/Karting/Prefabs/UI/AdditionalInGameData.prefab
  artifactKey: Guid(513c85d68668a0e439b3f20de6da70e4) Importer(815301076,1909f56bfc062723c751e8b465ee728b)
Start importing Assets/Karting/Prefabs/UI/AdditionalInGameData.prefab using Guid(513c85d68668a0e439b3f20de6da70e4) Importer(815301076,1909f56bfc062723c751e8b465ee728b)  -> (artifact id: '6899e8f0a0ac2e1d27d2b8d394cab3d0') in 0.025421 seconds 
  Import took 0.035287 seconds .

========================================================================
Received Import Request.
  Time since last request: 0.000407 seconds.
  path: Assets/Karting/Prefabs/UI/UI Panel.prefab
  artifactKey: Guid(a7699e394e3ea4941b8b3b315a2280cc) Importer(815301076,1909f56bfc062723c751e8b465ee728b)
Start importing Assets/Karting/Prefabs/UI/UI Panel.prefab using Guid(a7699e394e3ea4941b8b3b315a2280cc) Importer(815301076,1909f56bfc062723c751e8b465ee728b)  -> (artifact id: '0c3bad0a85ac4c8cee6a7dd5f5002106') in 0.051847 seconds 
  Import took 0.063232 seconds .

========================================================================
Received Import Request.
  Time since last request: 0.000437 seconds.
  path: Assets/Karting/Prefabs/UI/NotificationToast.prefab
  artifactKey: Guid(791e30b832d8b814c82d519317a16e6d) Importer(815301076,1909f56bfc062723c751e8b465ee728b)
Start importing Assets/Karting/Prefabs/UI/NotificationToast.prefab using Guid(791e30b832d8b814c82d519317a16e6d) Importer(815301076,1909f56bfc062723c751e8b465ee728b)  -> (artifact id: 'ba01d48e5b3c954851b4d6c64771c6ee') in 0.028788 seconds 
  Import took 0.044545 seconds .

========================================================================
Received Import Request.
  Time since last request: 0.000463 seconds.
  path: Assets/Karting/Prefabs/UI/TimeDisplayCanvasText.prefab
  artifactKey: Guid(bbebcb296acba9f4a91b6d7802e04bf0) Importer(815301076,1909f56bfc062723c751e8b465ee728b)
Start importing Assets/Karting/Prefabs/UI/TimeDisplayCanvasText.prefab using Guid(bbebcb296acba9f4a91b6d7802e04bf0) Importer(815301076,1909f56bfc062723c751e8b465ee728b)  -> (artifact id: '5afe5a5923d94d90b6f9bb560d0c18e5') in 0.053866 seconds 
  Import took 0.066786 seconds .

========================================================================
Received Import Request.
  Time since last request: 0.000431 seconds.
  path: Assets/Karting/Prefabs/UI/ObjectiveToastSecondary.prefab
  artifactKey: Guid(418abff609b9b754ba25e34faf58edf4) Importer(815301076,1909f56bfc062723c751e8b465ee728b)
Start importing Assets/Karting/Prefabs/UI/ObjectiveToastSecondary.prefab using Guid(418abff609b9b754ba25e34faf58edf4) Importer(815301076,1909f56bfc062723c751e8b465ee728b)  -> (artifact id: '1053d8e9bd26b412a6cfbe6b6b84500e') in 0.030405 seconds 
  Import took 0.042962 seconds .

========================================================================
Received Import Request.
  Time since last request: 0.000686 seconds.
  path: Assets/Karting/Prefabs/UI/RaceCountdownCanvas.prefab
  artifactKey: Guid(f29c8f9af0e64ab48a6c306b16e4a8fd) Importer(815301076,1909f56bfc062723c751e8b465ee728b)
Start importing Assets/Karting/Prefabs/UI/RaceCountdownCanvas.prefab using Guid(f29c8f9af0e64ab48a6c306b16e4a8fd) Importer(815301076,1909f56bfc062723c751e8b465ee728b)  -> (artifact id: '7d7cbd37eab6c36391de2b4054fd31a2') in 0.028535 seconds 
  Import took 0.044534 seconds .

========================================================================
Received Import Request.
  Time since last request: 0.000478 seconds.
  path: Assets/Karting/Prefabs/UI/ObjectiveToastPrimary.prefab
  artifactKey: Guid(825d6b0d7b3a7394a9f51c7b6900c135) Importer(815301076,1909f56bfc062723c751e8b465ee728b)
Start importing Assets/Karting/Prefabs/UI/ObjectiveToastPrimary.prefab using Guid(825d6b0d7b3a7394a9f51c7b6900c135) Importer(815301076,1909f56bfc062723c751e8b465ee728b)  -> (artifact id: '0aa0141ae64d5ec9c97a2dfe43595a17') in 0.031350 seconds 
  Import took 0.048819 seconds .

========================================================================
Received Import Request.
  Time since last request: 0.000625 seconds.
  path: Assets/Karting/Prefabs/UI/LoseGameMessage.prefab
  artifactKey: Guid(5dbe1bc8a2e754a37bd391b8506ff1d8) Importer(815301076,1909f56bfc062723c751e8b465ee728b)
Start importing Assets/Karting/Prefabs/UI/LoseGameMessage.prefab using Guid(5dbe1bc8a2e754a37bd391b8506ff1d8) Importer(815301076,1909f56bfc062723c751e8b465ee728b)  -> (artifact id: 'c17be5cc7da0e7bf6257f201d564aaad') in 0.014647 seconds 
  Import took 0.032647 seconds .

========================================================================
Received Import Request.
  Time since last request: 0.000602 seconds.
  path: Assets/Karting/Prefabs/UI/InGameMenu.prefab
  artifactKey: Guid(cf135591008cd4358b09a85e59fcfc1e) Importer(815301076,1909f56bfc062723c751e8b465ee728b)
Start importing Assets/Karting/Prefabs/UI/InGameMenu.prefab using Guid(cf135591008cd4358b09a85e59fcfc1e) Importer(815301076,1909f56bfc062723c751e8b465ee728b)  -> (artifact id: 'bece8ff34cd44da77e7c4e9d61971d0c') in 0.019160 seconds 
  Import took 0.032981 seconds .

========================================================================
Received Import Request.
  Time since last request: 0.000958 seconds.
  path: Assets/Karting/Prefabs/UI/TimeDisplayItem.prefab
  artifactKey: Guid(e5b44eea871016048be2b9ce5142991d) Importer(815301076,1909f56bfc062723c751e8b465ee728b)
Start importing Assets/Karting/Prefabs/UI/TimeDisplayItem.prefab using Guid(e5b44eea871016048be2b9ce5142991d) Importer(815301076,1909f56bfc062723c751e8b465ee728b)  -> (artifact id: 'ff7d8d7ec2f9d7810b1c136ad0eed399') in 0.024873 seconds 
  Import took 0.041175 seconds .

========================================================================
Received Import Request.
  Time since last request: 0.000569 seconds.
  path: Assets/Karting/Prefabs/UI/GameMessageGeneric.prefab
  artifactKey: Guid(dbfc7742a2f49bf42a9a012e4ec4b773) Importer(815301076,1909f56bfc062723c751e8b465ee728b)
Start importing Assets/Karting/Prefabs/UI/GameMessageGeneric.prefab using Guid(dbfc7742a2f49bf42a9a012e4ec4b773) Importer(815301076,1909f56bfc062723c751e8b465ee728b)  -> (artifact id: '7319e73b60691bbf3b476abbb3934514') in 0.024193 seconds 
  Import took 0.040758 seconds .

========================================================================
Received Import Request.
  Time since last request: 0.001304 seconds.
  path: Assets/Karting/Prefabs/UI/GameHUD.prefab
  artifactKey: Guid(2c5fd2f47a2514711843f1f96c7b2f0c) Importer(815301076,1909f56bfc062723c751e8b465ee728b)
Start importing Assets/Karting/Prefabs/UI/GameHUD.prefab using Guid(2c5fd2f47a2514711843f1f96c7b2f0c) Importer(815301076,1909f56bfc062723c751e8b465ee728b)  -> (artifact id: 'cef808b6330c7a0340683f84bd1aa847') in 0.042371 seconds 
  Import took 0.059614 seconds .

========================================================================
Received Import Request.
  Time since last request: 0.000383 seconds.
  path: Assets/Karting/Prefabs/UI/Timer.prefab
  artifactKey: Guid(5dd53015eb1a445d4b566f280d2656f1) Importer(815301076,1909f56bfc062723c751e8b465ee728b)
Start importing Assets/Karting/Prefabs/UI/Timer.prefab using Guid(5dd53015eb1a445d4b566f280d2656f1) Importer(815301076,1909f56bfc062723c751e8b465ee728b)  -> (artifact id: 'b261cad600526f59c07846d806b5639d') in 0.024870 seconds 
  Import took 0.040610 seconds .

========================================================================
Received Import Request.
  Time since last request: 0.000436 seconds.
  path: Assets/Karting/Prefabs/UI/WinGameMessage.prefab
  artifactKey: Guid(f981094eb6c2a6f4f8a56f85c606e3d1) Importer(815301076,1909f56bfc062723c751e8b465ee728b)
Start importing Assets/Karting/Prefabs/UI/WinGameMessage.prefab using Guid(f981094eb6c2a6f4f8a56f85c606e3d1) Importer(815301076,1909f56bfc062723c751e8b465ee728b)  -> (artifact id: '0098e4cda83d16c035baa7b3f869f219') in 0.014585 seconds 
  Import took 0.028561 seconds .

========================================================================
Received Import Request.
  Time since last request: 0.000739 seconds.
  path: Assets/Karting/Prefabs/UI/TimeDisplayCanvas.prefab
  artifactKey: Guid(8d79384b550589d498c55817e4277af2) Importer(815301076,1909f56bfc062723c751e8b465ee728b)
Start importing Assets/Karting/Prefabs/UI/TimeDisplayCanvas.prefab using Guid(8d79384b550589d498c55817e4277af2) Importer(815301076,1909f56bfc062723c751e8b465ee728b)  -> (artifact id: 'f17e6ac50f1569a41cdca38ab03cd35d') in 0.056186 seconds 
  Import took 0.070514 seconds .

========================================================================
Received Import Request.
  Time since last request: 0.100015 seconds.
  path: Assets/Karting/Prefabs/VFX/CheckpointConfetti.prefab
  artifactKey: Guid(008a784118f584403927169df54b5b47) Importer(815301076,1909f56bfc062723c751e8b465ee728b)
Start importing Assets/Karting/Prefabs/VFX/CheckpointConfetti.prefab using Guid(008a784118f584403927169df54b5b47) Importer(815301076,1909f56bfc062723c751e8b465ee728b)  -> (artifact id: '122d8924c222a9c03ff6ac2f3078f4c0') in 0.018802 seconds 
  Import took 0.030012 seconds .

========================================================================
Received Import Request.
  Time since last request: 0.000532 seconds.
  path: Assets/Karting/Prefabs/VFX/NozzleSmokeVFX.prefab
  artifactKey: Guid(e89850b0c6c7e9f4591f70aa405a18a7) Importer(815301076,1909f56bfc062723c751e8b465ee728b)
Start importing Assets/Karting/Prefabs/VFX/NozzleSmokeVFX.prefab using Guid(e89850b0c6c7e9f4591f70aa405a18a7) Importer(815301076,1909f56bfc062723c751e8b465ee728b)  -> (artifact id: '41b6a90e2a0eac83b3031592c4b28a69') in 0.063180 seconds 
  Import took 0.074688 seconds .

========================================================================
Received Import Request.
  Time since last request: 0.000410 seconds.
  path: Assets/Karting/Prefabs/VFX/JumpDustVFX.prefab
  artifactKey: Guid(63b5def8db7a0de41ab8201bc3ce6dc7) Importer(815301076,1909f56bfc062723c751e8b465ee728b)
Start importing Assets/Karting/Prefabs/VFX/JumpDustVFX.prefab using Guid(63b5def8db7a0de41ab8201bc3ce6dc7) Importer(815301076,1909f56bfc062723c751e8b465ee728b)  -> (artifact id: 'fa44e1839555e9ee30123e6ba992be50') in 0.050974 seconds 
  Import took 0.061103 seconds .

========================================================================
Received Import Request.
  Time since last request: 0.001154 seconds.
  path: Assets/Karting/Prefabs/VFX/TrailsVFX.prefab
  artifactKey: Guid(cb1856df3376595449bbe8408a5dbe8e) Importer(815301076,1909f56bfc062723c751e8b465ee728b)
Start importing Assets/Karting/Prefabs/VFX/TrailsVFX.prefab using Guid(cb1856df3376595449bbe8408a5dbe8e) Importer(815301076,1909f56bfc062723c751e8b465ee728b)  -> (artifact id: '25c487261cceaf163ec3ab4005bd2f14') in 0.025139 seconds 
  Import took 0.040250 seconds .

========================================================================
Received Import Request.
  Time since last request: 0.000512 seconds.
  path: Assets/Karting/Prefabs/VFX/DriftVFX.prefab
  artifactKey: Guid(83d0ce15c25af954bbd1425a9ddf8458) Importer(815301076,1909f56bfc062723c751e8b465ee728b)
Start importing Assets/Karting/Prefabs/VFX/DriftVFX.prefab using Guid(83d0ce15c25af954bbd1425a9ddf8458) Importer(815301076,1909f56bfc062723c751e8b465ee728b)  -> (artifact id: '11f2b109d6fb01c65f089e5890ad256d') in 0.071029 seconds 
  Import took 0.082449 seconds .

========================================================================
Received Import Request.
  Time since last request: 0.000454 seconds.
  path: Assets/Karting/Prefabs/VFX/DirectionalLight.prefab
  artifactKey: Guid(993d2f3ed51454869af0023769df26ed) Importer(815301076,1909f56bfc062723c751e8b465ee728b)
Start importing Assets/Karting/Prefabs/VFX/DirectionalLight.prefab using Guid(993d2f3ed51454869af0023769df26ed) Importer(815301076,1909f56bfc062723c751e8b465ee728b)  -> (artifact id: '7625afd7ac514598609d2cc6481a0da1') in 0.051685 seconds 
  Import took 0.063272 seconds .

========================================================================
Received Import Request.
  Time since last request: 63.308216 seconds.
  path: Assets/Mod Assets/Kart/Hat Prefabs/male_symbol.png
  artifactKey: Guid(d5159328ee0444ddaa64cbb3f981771b) Importer(815301076,1909f56bfc062723c751e8b465ee728b)
Start importing Assets/Mod Assets/Kart/Hat Prefabs/male_symbol.png using Guid(d5159328ee0444ddaa64cbb3f981771b) Importer(815301076,1909f56bfc062723c751e8b465ee728b)  -> (artifact id: 'f24906f013c7a96602a584823a609905') in 1.317038 seconds 
  Import took 1.330024 seconds .

========================================================================
Received Import Request.
  Time since last request: 0.018477 seconds.
  path: Assets/Mod Assets/Kart/Hat Prefabs/male_symbol.png
  artifactKey: Guid(d5159328ee0444ddaa64cbb3f981771b) Importer(815301076,1909f56bfc062723c751e8b465ee728b)
Start importing Assets/Mod Assets/Kart/Hat Prefabs/male_symbol.png using Guid(d5159328ee0444ddaa64cbb3f981771b) Importer(815301076,1909f56bfc062723c751e8b465ee728b)  -> (artifact id: 'f24906f013c7a96602a584823a609905') in 0.031122 seconds 
  Import took 0.048233 seconds .

========================================================================
Received Import Request.
  Time since last request: 4.408153 seconds.
  path: Assets/Mod Assets/Kart/Hat Prefabs/male_symbol.png
  artifactKey: Guid(d5159328ee0444ddaa64cbb3f981771b) Importer(815301076,1909f56bfc062723c751e8b465ee728b)
Start importing Assets/Mod Assets/Kart/Hat Prefabs/male_symbol.png using Guid(d5159328ee0444ddaa64cbb3f981771b) Importer(815301076,1909f56bfc062723c751e8b465ee728b)  -> (artifact id: '447e530ac791d52b007647d87a2306a8') in 0.033292 seconds 
  Import took 0.048221 seconds .

========================================================================
Received Import Request.
  Time since last request: 0.013184 seconds.
  path: Assets/Mod Assets/Kart/Hat Prefabs/male_symbol.png
  artifactKey: Guid(d5159328ee0444ddaa64cbb3f981771b) Importer(815301076,1909f56bfc062723c751e8b465ee728b)
Start importing Assets/Mod Assets/Kart/Hat Prefabs/male_symbol.png using Guid(d5159328ee0444ddaa64cbb3f981771b) Importer(815301076,1909f56bfc062723c751e8b465ee728b)  -> (artifact id: '447e530ac791d52b007647d87a2306a8') in 0.036938 seconds 
  Import took 0.060328 seconds .

========================================================================
Received Import Request.
  Time since last request: 3.174318 seconds.
  path: Assets/Mod Assets/Kart/Hat Prefabs
  artifactKey: Guid(297b7582f4f6f234aa5e0496755429e2) Importer(815301076,1909f56bfc062723c751e8b465ee728b)
Start importing Assets/Mod Assets/Kart/Hat Prefabs using Guid(297b7582f4f6f234aa5e0496755429e2) Importer(815301076,1909f56bfc062723c751e8b465ee728b)  -> (artifact id: 'ac7f8158b3e8d6bea1b31209b41a04ef') in 0.004849 seconds 
  Import took 0.020587 seconds .

========================================================================
Received Import Request.
  Time since last request: 24.235158 seconds.
  path: Assets/Mod Assets/Kart/Hat Prefabs/materialMale.mat
  artifactKey: Guid(5a10c696f37aa48db9ca44f38cbf6942) Importer(815301076,1909f56bfc062723c751e8b465ee728b)
Start importing Assets/Mod Assets/Kart/Hat Prefabs/materialMale.mat using Guid(5a10c696f37aa48db9ca44f38cbf6942) Importer(815301076,1909f56bfc062723c751e8b465ee728b)  -> (artifact id: 'd48ac1774648e6da097a61748224c70c') in 0.040392 seconds 
  Import took 0.053469 seconds .

========================================================================
Received Import Request.
  Time since last request: 3.358290 seconds.
  path: Packages/com.unity.probuilder/Content/Icons/Toolbar/Background/AccentBar_Bottom.png
  artifactKey: Guid(19fabf6370255433fa736008910e1bf2) Importer(815301076,1909f56bfc062723c751e8b465ee728b)
Start importing Packages/com.unity.probuilder/Content/Icons/Toolbar/Background/AccentBar_Bottom.png using Guid(19fabf6370255433fa736008910e1bf2) Importer(815301076,1909f56bfc062723c751e8b465ee728b)  -> (artifact id: '646cde740056de7f64c5dc23c2fc3ac5') in 0.019215 seconds 
  Import took 0.029763 seconds .

========================================================================
Received Import Request.
  Time since last request: 0.000410 seconds.
  path: Packages/com.unity.inputsystem/InputSystem/Editor/Icons/Add Binding.png
  artifactKey: Guid(958a10dec4f3a4764bb345b0aa03510b) Importer(815301076,1909f56bfc062723c751e8b465ee728b)
Start importing Packages/com.unity.inputsystem/InputSystem/Editor/Icons/Add Binding.png using Guid(958a10dec4f3a4764bb345b0aa03510b) Importer(815301076,1909f56bfc062723c751e8b465ee728b)  -> (artifact id: '971ecac382b57595ff872f0f04a47175') in 0.020988 seconds 
  Import took 0.030913 seconds .

========================================================================
Received Import Request.
  Time since last request: 0.000444 seconds.
  path: Packages/com.unity.inputsystem/InputSystem/Editor/AssetEditor/Resources/personal/actionTreeBackground.png
  artifactKey: Guid(ce5f11cd993284c4f9c54f854bdc8c9c) Importer(815301076,1909f56bfc062723c751e8b465ee728b)
Start importing Packages/com.unity.inputsystem/InputSystem/Editor/AssetEditor/Resources/personal/actionTreeBackground.png using Guid(ce5f11cd993284c4f9c54f854bdc8c9c) Importer(815301076,1909f56bfc062723c751e8b465ee728b)  -> (artifact id: 'cfa2c57b0aa97e76a124c4d789d105e4') in 0.024985 seconds 
  Import took 0.036852 seconds .

========================================================================
Received Import Request.
  Time since last request: 0.001262 seconds.
  path: Packages/com.unity.inputsystem/InputSystem/Editor/Icons/Add Binding@3x.png
  artifactKey: Guid(8be1fbf4b24de44c99840805bdae9e40) Importer(815301076,1909f56bfc062723c751e8b465ee728b)
Start importing Packages/com.unity.inputsystem/InputSystem/Editor/Icons/Add Binding@3x.png using Guid(8be1fbf4b24de44c99840805bdae9e40) Importer(815301076,1909f56bfc062723c751e8b465ee728b)  -> (artifact id: '27425ee94fcbc95d7f7634a044b8fd7a') in 0.032400 seconds 
  Import took 0.047012 seconds .

========================================================================
Received Import Request.
  Time since last request: 0.000472 seconds.
  path: Packages/com.unity.inputsystem/InputSystem/Editor/Icons/Add Binding@2x.png
  artifactKey: Guid(bb5fa99d6e9434c9ebf101c956021ee1) Importer(815301076,1909f56bfc062723c751e8b465ee728b)
Start importing Packages/com.unity.inputsystem/InputSystem/Editor/Icons/Add Binding@2x.png using Guid(bb5fa99d6e9434c9ebf101c956021ee1) Importer(815301076,1909f56bfc062723c751e8b465ee728b)  -> (artifact id: '79facc9d7d46d94d6b51f49257f903e8') in 0.022631 seconds 
  Import took 0.037457 seconds .

========================================================================
Received Import Request.
  Time since last request: 0.000994 seconds.
  path: Packages/com.unity.probuilder/Content/Icons/Toolbar/Background/AccentBar_Bottom.png
  artifactKey: Guid(19fabf6370255433fa736008910e1bf2) Importer(815301076,1909f56bfc062723c751e8b465ee728b)
Start importing Packages/com.unity.probuilder/Content/Icons/Toolbar/Background/AccentBar_Bottom.png using Guid(19fabf6370255433fa736008910e1bf2) Importer(815301076,1909f56bfc062723c751e8b465ee728b)  -> (artifact id: '646cde740056de7f64c5dc23c2fc3ac5') in 0.016547 seconds 
  Import took 0.028785 seconds .

========================================================================
Received Import Request.
  Time since last request: 0.000356 seconds.
  path: Packages/com.unity.inputsystem/InputSystem/Editor/AssetEditor/Resources/pro/actionTreeBackground.png
  artifactKey: Guid(c4b66e31395c54087a2fbc13ae7e0f3c) Importer(815301076,1909f56bfc062723c751e8b465ee728b)
Start importing Packages/com.unity.inputsystem/InputSystem/Editor/AssetEditor/Resources/pro/actionTreeBackground.png using Guid(c4b66e31395c54087a2fbc13ae7e0f3c) Importer(815301076,1909f56bfc062723c751e8b465ee728b)  -> (artifact id: 'cf48071fff8f5142364eb99c31c153a9') in 0.021310 seconds 
  Import took 0.036169 seconds .

========================================================================
Received Import Request.
  Time since last request: 0.000950 seconds.
  path: Packages/com.unity.inputsystem/InputSystem/Editor/AssetEditor/Resources/personal/actionTreeBackgroundWithoutBorder.png
  artifactKey: Guid(cf632ed80bf1f46c980de6b1b8b903ef) Importer(815301076,1909f56bfc062723c751e8b465ee728b)
Start importing Packages/com.unity.inputsystem/InputSystem/Editor/AssetEditor/Resources/personal/actionTreeBackgroundWithoutBorder.png using Guid(cf632ed80bf1f46c980de6b1b8b903ef) Importer(815301076,1909f56bfc062723c751e8b465ee728b)  -> (artifact id: 'c41ea57829c304ba6f09a507c0849984') in 0.023822 seconds 
  Import took 0.038956 seconds .

========================================================================
Received Import Request.
  Time since last request: 0.000745 seconds.
  path: Packages/com.unity.inputsystem/InputSystem/Editor/AssetEditor/Resources/pro/actionTreeBackgroundWithoutBorder.png
  artifactKey: Guid(943deaaee9c9347e0a455aa208526c42) Importer(815301076,1909f56bfc062723c751e8b465ee728b)
Start importing Packages/com.unity.inputsystem/InputSystem/Editor/AssetEditor/Resources/pro/actionTreeBackgroundWithoutBorder.png using Guid(943deaaee9c9347e0a455aa208526c42) Importer(815301076,1909f56bfc062723c751e8b465ee728b)  -> (artifact id: '3bc153bdddaf95efd01942a39cdf29ae') in 0.033255 seconds 
  Import took 0.051974 seconds .

========================================================================
Received Import Request.
  Time since last request: 148.534013 seconds.
  path: Assets/Mod Assets/Kart/Hat Prefabs/symbol_male_2.png
  artifactKey: Guid(af396636ec4f345a2993160a9d25ba4e) Importer(815301076,1909f56bfc062723c751e8b465ee728b)
Start importing Assets/Mod Assets/Kart/Hat Prefabs/symbol_male_2.png using Guid(af396636ec4f345a2993160a9d25ba4e) Importer(815301076,1909f56bfc062723c751e8b465ee728b)  -> (artifact id: 'b663d5c6240f642e2cf0f7f6a458ffdf') in 0.061843 seconds 
  Import took 0.078600 seconds .

========================================================================
Received Import Request.
  Time since last request: 4.108587 seconds.
  path: Assets/Mod Assets/Kart/Hat Prefabs/female_icon.png
  artifactKey: Guid(00f50fde7c1ef408e927f231f50e4c6b) Importer(815301076,1909f56bfc062723c751e8b465ee728b)
Start importing Assets/Mod Assets/Kart/Hat Prefabs/female_icon.png using Guid(00f50fde7c1ef408e927f231f50e4c6b) Importer(815301076,1909f56bfc062723c751e8b465ee728b)  -> (artifact id: 'a56ea389213b3f11db578b0d2de380fb') in 0.026180 seconds 
  Import took 0.039682 seconds .

========================================================================
Received Import Request.
  Time since last request: 6.234108 seconds.
  path: Assets/Mod Assets/Kart/Hat Prefabs/female_icon.png
  artifactKey: Guid(00f50fde7c1ef408e927f231f50e4c6b) Importer(815301076,1909f56bfc062723c751e8b465ee728b)
Start importing Assets/Mod Assets/Kart/Hat Prefabs/female_icon.png using Guid(00f50fde7c1ef408e927f231f50e4c6b) Importer(815301076,1909f56bfc062723c751e8b465ee728b)  -> (artifact id: '4cf36d6ba7787bc2c0fd24497df8ede5') in 0.030988 seconds 
  Import took 0.044724 seconds .

========================================================================
Received Import Request.
  Time since last request: 6.515497 seconds.
  path: Assets/Mod Assets/Kart/Hat Prefabs/symbol_male_2.png
  artifactKey: Guid(af396636ec4f345a2993160a9d25ba4e) Importer(815301076,1909f56bfc062723c751e8b465ee728b)
Start importing Assets/Mod Assets/Kart/Hat Prefabs/symbol_male_2.png using Guid(af396636ec4f345a2993160a9d25ba4e) Importer(815301076,1909f56bfc062723c751e8b465ee728b)  -> (artifact id: 'd3eaf3c9211d73223290d8ed29f9ac4a') in 0.044105 seconds 
  Import took 0.056347 seconds .

========================================================================
Received Import Request.
  Time since last request: 0.041282 seconds.
  path: Assets/Mod Assets/Kart/Hat Prefabs/symbol_male_2.png
  artifactKey: Guid(af396636ec4f345a2993160a9d25ba4e) Importer(815301076,1909f56bfc062723c751e8b465ee728b)
Start importing Assets/Mod Assets/Kart/Hat Prefabs/symbol_male_2.png using Guid(af396636ec4f345a2993160a9d25ba4e) Importer(815301076,1909f56bfc062723c751e8b465ee728b)  -> (artifact id: 'd3eaf3c9211d73223290d8ed29f9ac4a') in 0.029639 seconds 
  Import took 0.047401 seconds .

========================================================================
Received Import Request.
  Time since last request: 7.195170 seconds.
  path: Packages/com.unity.collab-proxy/Editor/Collaborate/Assets/Icons/loading-light@2x.png
  artifactKey: Guid(4d614e4edbf542c418d50ec49eed858d) Importer(815301076,1909f56bfc062723c751e8b465ee728b)
Start importing Packages/com.unity.collab-proxy/Editor/Collaborate/Assets/Icons/loading-light@2x.png using Guid(4d614e4edbf542c418d50ec49eed858d) Importer(815301076,1909f56bfc062723c751e8b465ee728b)  -> (artifact id: '7367f2c25fbeb4852651a7e85032a1e7') in 0.022731 seconds 
  Import took 0.032817 seconds .

========================================================================
Received Import Request.
  Time since last request: 0.000397 seconds.
  path: Assets/Karting/Art/menuBG.png
  artifactKey: Guid(9f9398a6cc56ff541b0b7ee2bfb388b5) Importer(815301076,1909f56bfc062723c751e8b465ee728b)
Start importing Assets/Karting/Art/menuBG.png using Guid(9f9398a6cc56ff541b0b7ee2bfb388b5) Importer(815301076,1909f56bfc062723c751e8b465ee728b)  -> (artifact id: 'd628047e3938153992014fda34011330') in 0.064632 seconds 
  Import took 0.075394 seconds .

========================================================================
Received Import Request.
  Time since last request: 0.000511 seconds.
  path: Packages/com.unity.collab-proxy/Editor/Collaborate/Assets/Icons/merge-conflicts-dark.png
  artifactKey: Guid(f15453c5e25703942b480f17a40794f5) Importer(815301076,1909f56bfc062723c751e8b465ee728b)
Start importing Packages/com.unity.collab-proxy/Editor/Collaborate/Assets/Icons/merge-conflicts-dark.png using Guid(f15453c5e25703942b480f17a40794f5) Importer(815301076,1909f56bfc062723c751e8b465ee728b)  -> (artifact id: 'd874f1cefb8d7524e930789438b84e65') in 0.027994 seconds 
  Import took 0.041852 seconds .

========================================================================
Received Import Request.
  Time since last request: 0.000741 seconds.
  path: Assets/Karting/Art/menuBG.png
  artifactKey: Guid(9f9398a6cc56ff541b0b7ee2bfb388b5) Importer(815301076,1909f56bfc062723c751e8b465ee728b)
Start importing Assets/Karting/Art/menuBG.png using Guid(9f9398a6cc56ff541b0b7ee2bfb388b5) Importer(815301076,1909f56bfc062723c751e8b465ee728b)  -> (artifact id: 'd628047e3938153992014fda34011330') in 0.051021 seconds 
  Import took 0.065538 seconds .

========================================================================
Received Import Request.
  Time since last request: 0.000498 seconds.
  path: Packages/com.unity.collab-proxy/Editor/Collaborate/Assets/Icons/merge-conflicts-light.png
  artifactKey: Guid(d876c6d477e3c3b4891cdee8f10ecaf1) Importer(815301076,1909f56bfc062723c751e8b465ee728b)
Start importing Packages/com.unity.collab-proxy/Editor/Collaborate/Assets/Icons/merge-conflicts-light.png using Guid(d876c6d477e3c3b4891cdee8f10ecaf1) Importer(815301076,1909f56bfc062723c751e8b465ee728b)  -> (artifact id: 'bb5ae48b6976bdb51a3ce47399e8466a') in 0.017013 seconds 
  Import took 0.028492 seconds .

========================================================================
Received Import Request.
  Time since last request: 0.000691 seconds.
  path: Packages/com.unity.collab-proxy/Editor/Collaborate/Assets/Icons/merge-conflicts-light@2x.png
  artifactKey: Guid(56adf392a7d080448ab9b85e27356d2e) Importer(815301076,1909f56bfc062723c751e8b465ee728b)
Start importing Packages/com.unity.collab-proxy/Editor/Collaborate/Assets/Icons/merge-conflicts-light@2x.png using Guid(56adf392a7d080448ab9b85e27356d2e) Importer(815301076,1909f56bfc062723c751e8b465ee728b)  -> (artifact id: 'e4bfadae0830488d1ebe9e505e7b4665') in 0.035391 seconds 
  Import took 0.050528 seconds .

========================================================================
Received Import Request.
  Time since last request: 0.000833 seconds.
  path: Packages/com.unity.collab-proxy/Editor/Collaborate/Assets/Icons/merge-conflicts-dark@2x.png
  artifactKey: Guid(7dc96f2ba3659a64eb632128d0705ddc) Importer(815301076,1909f56bfc062723c751e8b465ee728b)
Start importing Packages/com.unity.collab-proxy/Editor/Collaborate/Assets/Icons/merge-conflicts-dark@2x.png using Guid(7dc96f2ba3659a64eb632128d0705ddc) Importer(815301076,1909f56bfc062723c751e8b465ee728b)  -> (artifact id: '3139a907545c3781bbe2cd242c266181') in 0.038481 seconds 
  Import took 0.053294 seconds .

========================================================================
Received Import Request.
  Time since last request: 0.000472 seconds.
  path: Assets/Karting/Art/menuBG2.png
  artifactKey: Guid(70de0a517275b38479bb226db7ff357c) Importer(815301076,1909f56bfc062723c751e8b465ee728b)
Start importing Assets/Karting/Art/menuBG2.png using Guid(70de0a517275b38479bb226db7ff357c) Importer(815301076,1909f56bfc062723c751e8b465ee728b)  -> (artifact id: '9bcc487ee018565105e79e345c592330') in 0.057624 seconds 
  Import took 0.071501 seconds .

========================================================================
Received Import Request.
  Time since last request: 0.000384 seconds.
  path: Packages/com.unity.collab-proxy/Editor/Collaborate/Assets/Icons/loading-light@2x.png
  artifactKey: Guid(4d614e4edbf542c418d50ec49eed858d) Importer(815301076,1909f56bfc062723c751e8b465ee728b)
Start importing Packages/com.unity.collab-proxy/Editor/Collaborate/Assets/Icons/loading-light@2x.png using Guid(4d614e4edbf542c418d50ec49eed858d) Importer(815301076,1909f56bfc062723c751e8b465ee728b)  -> (artifact id: '7367f2c25fbeb4852651a7e85032a1e7') in 0.024449 seconds 
  Import took 0.039496 seconds .

========================================================================
Received Import Request.
  Time since last request: 13.690308 seconds.
  path: Packages/com.unity.probuilder/Content/Icons/Toolbar/Face_Subdivide_disabled.png
  artifactKey: Guid(1969c94fa912348e9bd4d423c2618191) Importer(815301076,1909f56bfc062723c751e8b465ee728b)
Start importing Packages/com.unity.probuilder/Content/Icons/Toolbar/Face_Subdivide_disabled.png using Guid(1969c94fa912348e9bd4d423c2618191) Importer(815301076,1909f56bfc062723c751e8b465ee728b)  -> (artifact id: '5531acfc35b53abd15be657e0234caba') in 0.020845 seconds 
  Import took 0.031528 seconds .

========================================================================
Received Import Request.
  Time since last request: 0.000424 seconds.
  path: Packages/com.unity.inputsystem/InputSystem/Editor/AssetEditor/Resources/personal/foldoutBackground.png
  artifactKey: Guid(5ab69704aa4984b49bc426da72fabbed) Importer(815301076,1909f56bfc062723c751e8b465ee728b)
Start importing Packages/com.unity.inputsystem/InputSystem/Editor/AssetEditor/Resources/personal/foldoutBackground.png using Guid(5ab69704aa4984b49bc426da72fabbed) Importer(815301076,1909f56bfc062723c751e8b465ee728b)  -> (artifact id: '51be22d43e3f5adf5a6a8a70881b573a') in 0.020812 seconds 
  Import took 0.032496 seconds .

========================================================================
Received Import Request.
  Time since last request: 0.000418 seconds.
  path: Packages/com.unity.probuilder/Content/Icons/Toolbar/Face_Subdivide_disabled.png
  artifactKey: Guid(1969c94fa912348e9bd4d423c2618191) Importer(815301076,1909f56bfc062723c751e8b465ee728b)
Start importing Packages/com.unity.probuilder/Content/Icons/Toolbar/Face_Subdivide_disabled.png using Guid(1969c94fa912348e9bd4d423c2618191) Importer(815301076,1909f56bfc062723c751e8b465ee728b)  -> (artifact id: '5531acfc35b53abd15be657e0234caba') in 0.014665 seconds 
  Import took 0.027076 seconds .

========================================================================
Received Import Request.
  Time since last request: 0.000624 seconds.
  path: Packages/com.unity.inputsystem/InputSystem/Editor/AssetEditor/Resources/pro/foldoutBackground.png
  artifactKey: Guid(c0996bc290ff74bf4834f4a8b7dc8c3e) Importer(815301076,1909f56bfc062723c751e8b465ee728b)
Start importing Packages/com.unity.inputsystem/InputSystem/Editor/AssetEditor/Resources/pro/foldoutBackground.png using Guid(c0996bc290ff74bf4834f4a8b7dc8c3e) Importer(815301076,1909f56bfc062723c751e8b465ee728b)  -> (artifact id: 'a79299215ce75ce239e776dff16f8f23') in 0.020607 seconds 
  Import took 0.034701 seconds .

========================================================================
Received Import Request.
  Time since last request: 0.000471 seconds.
  path: Packages/com.unity.inputsystem/InputSystem/Editor/Icons/Gamepad.png
  artifactKey: Guid(17c8753d0e5e24194b06404851be7f13) Importer(815301076,1909f56bfc062723c751e8b465ee728b)
Start importing Packages/com.unity.inputsystem/InputSystem/Editor/Icons/Gamepad.png using Guid(17c8753d0e5e24194b06404851be7f13) Importer(815301076,1909f56bfc062723c751e8b465ee728b)  -> (artifact id: '10be8f675bdfb9e2e3cf063bec4f0048') in 0.035602 seconds 
  Import took 0.049008 seconds .

========================================================================
Received Import Request.
  Time since last request: 0.000657 seconds.
  path: Packages/com.unity.inputsystem/InputSystem/Editor/Icons/Gamepad@3x.png
  artifactKey: Guid(4ae0b2f68c2464272b1b10105262b09b) Importer(815301076,1909f56bfc062723c751e8b465ee728b)
Start importing Packages/com.unity.inputsystem/InputSystem/Editor/Icons/Gamepad@3x.png using Guid(4ae0b2f68c2464272b1b10105262b09b) Importer(815301076,1909f56bfc062723c751e8b465ee728b)  -> (artifact id: '6649c5748986cda88889849b121e9943') in 0.030039 seconds 
  Import took 0.043602 seconds .

========================================================================
Received Import Request.
  Time since last request: 0.000469 seconds.
  path: Packages/com.unity.probuilder/Content/Icons/Toolbar/Face_Triangulate.png
  artifactKey: Guid(c81b119083ec94dd381aa40cfdd3384d) Importer(815301076,1909f56bfc062723c751e8b465ee728b)
Start importing Packages/com.unity.probuilder/Content/Icons/Toolbar/Face_Triangulate.png using Guid(c81b119083ec94dd381aa40cfdd3384d) Importer(815301076,1909f56bfc062723c751e8b465ee728b)  -> (artifact id: 'e7aa4d2048d03380ade825abdc9403a0') in 0.021504 seconds 
  Import took 0.035146 seconds .

========================================================================
Received Import Request.
  Time since last request: 0.000798 seconds.
  path: Packages/com.unity.probuilder/Content/Icons/Toolbar/Face_Triangulate_disabled.png
  artifactKey: Guid(1415d1687434e48a19b4343226a4504c) Importer(815301076,1909f56bfc062723c751e8b465ee728b)
Start importing Packages/com.unity.probuilder/Content/Icons/Toolbar/Face_Triangulate_disabled.png using Guid(1415d1687434e48a19b4343226a4504c) Importer(815301076,1909f56bfc062723c751e8b465ee728b)  -> (artifact id: '157df54299b66ea0cd725c7b95231b96') in 0.028598 seconds 
  Import took 0.044341 seconds .

========================================================================
Received Import Request.
  Time since last request: 0.000739 seconds.
  path: Packages/com.unity.inputsystem/InputSystem/Editor/Icons/Gamepad@2x.png
  artifactKey: Guid(4defb5292901c41f29313d9c9c87a7eb) Importer(815301076,1909f56bfc062723c751e8b465ee728b)
Start importing Packages/com.unity.inputsystem/InputSystem/Editor/Icons/Gamepad@2x.png using Guid(4defb5292901c41f29313d9c9c87a7eb) Importer(815301076,1909f56bfc062723c751e8b465ee728b)  -> (artifact id: 'fd651bf1cc187933f1b2828e44f671f5') in 0.049841 seconds 
  Import took 0.062808 seconds .

========================================================================
Received Import Request.
  Time since last request: 6.343331 seconds.
  path: Assets/Karting/Art/Textures/Skybox/sun_glow.png
  artifactKey: Guid(10f5925e5a532434fac48f4e5f502b9c) Importer(815301076,1909f56bfc062723c751e8b465ee728b)
Start importing Assets/Karting/Art/Textures/Skybox/sun_glow.png using Guid(10f5925e5a532434fac48f4e5f502b9c) Importer(815301076,1909f56bfc062723c751e8b465ee728b)  -> (artifact id: '2c3e7d4b2e0831d6fb88726f5fdfa871') in 0.022761 seconds 
  Import took 0.032818 seconds .

========================================================================
Received Import Request.
  Time since last request: 0.000402 seconds.
  path: Packages/com.unity.timeline/Editor/StyleSheets/Images/Icons/Timeline-Marker-Warning-Overlay.png
  artifactKey: Guid(945f4ecec6df62244b9ebcc363833642) Importer(815301076,1909f56bfc062723c751e8b465ee728b)
Start importing Packages/com.unity.timeline/Editor/StyleSheets/Images/Icons/Timeline-Marker-Warning-Overlay.png using Guid(945f4ecec6df62244b9ebcc363833642) Importer(815301076,1909f56bfc062723c751e8b465ee728b)  -> (artifact id: '0f2e9ef5fb955c0784a4a46dba65fb33') in 0.024369 seconds 
  Import took 0.034865 seconds .

========================================================================
Received Import Request.
  Time since last request: 0.000550 seconds.
  path: Assets/Karting/Art/Textures/TemplateEnvironmentSwatch.png
  artifactKey: Guid(18f94973eacde5f49920b7936b31d501) Importer(815301076,1909f56bfc062723c751e8b465ee728b)
Start importing Assets/Karting/Art/Textures/TemplateEnvironmentSwatch.png using Guid(18f94973eacde5f49920b7936b31d501) Importer(815301076,1909f56bfc062723c751e8b465ee728b)  -> (artifact id: 'dfe1b41dbafe86203125b07eeca6d34d') in 0.023232 seconds 
  Import took 0.036793 seconds .

========================================================================
Received Import Request.
  Time since last request: 0.000597 seconds.
  path: Assets/Karting/Tutorials/SuperchargeYourGame.png
  artifactKey: Guid(64234be53c8614d4d9b50bec3f9d516f) Importer(815301076,1909f56bfc062723c751e8b465ee728b)
Start importing Assets/Karting/Tutorials/SuperchargeYourGame.png using Guid(64234be53c8614d4d9b50bec3f9d516f) Importer(815301076,1909f56bfc062723c751e8b465ee728b)  -> (artifact id: 'c228e49bfb7da0c75db568293796f8c0') in 0.053373 seconds 
  Import took 0.075231 seconds .

========================================================================
Received Import Request.
  Time since last request: 0.003566 seconds.
  path: Assets/Karting/Art/Textures/UI/TEX_White_16x16.png
  artifactKey: Guid(c3eae15dc9a8d47b88160efa4618af4e) Importer(815301076,1909f56bfc062723c751e8b465ee728b)
Start importing Assets/Karting/Art/Textures/UI/TEX_White_16x16.png using Guid(c3eae15dc9a8d47b88160efa4618af4e) Importer(815301076,1909f56bfc062723c751e8b465ee728b)  -> (artifact id: 'c0a47b22964787b789507ed8348bda2c') in 0.056221 seconds 
  Import took 0.098004 seconds .

========================================================================
Received Import Request.
  Time since last request: 0.019864 seconds.
  path: Packages/com.unity.probuilder/Content/Icons/Toolbar/Texturing_Paintbrush.png
  artifactKey: Guid(cd7a91ef87d0b4d028bf97077204fc1c) Importer(815301076,1909f56bfc062723c751e8b465ee728b)
Start importing Packages/com.unity.probuilder/Content/Icons/Toolbar/Texturing_Paintbrush.png using Guid(cd7a91ef87d0b4d028bf97077204fc1c) Importer(815301076,1909f56bfc062723c751e8b465ee728b)  -> (artifact id: '542544ca315f144871e97d89c0ffea1d') in 0.027335 seconds 
  Import took 0.042984 seconds .

========================================================================
Received Import Request.
  Time since last request: 0.006143 seconds.
  path: Packages/com.unity.probuilder/Content/Icons/Scene/TextBackground.png
  artifactKey: Guid(efe0b4c986d4c46eaa935b7306936ebf) Importer(815301076,1909f56bfc062723c751e8b465ee728b)
Start importing Packages/com.unity.probuilder/Content/Icons/Scene/TextBackground.png using Guid(efe0b4c986d4c46eaa935b7306936ebf) Importer(815301076,1909f56bfc062723c751e8b465ee728b)  -> (artifact id: '6310663183dc593a66ccedc22cc540bb') in 0.034108 seconds 
  Import took 0.051923 seconds .

========================================================================
Received Import Request.
  Time since last request: 0.006811 seconds.
  path: Assets/Karting/Art/Textures/Skybox/sun_glow.png
  artifactKey: Guid(10f5925e5a532434fac48f4e5f502b9c) Importer(815301076,1909f56bfc062723c751e8b465ee728b)
Start importing Assets/Karting/Art/Textures/Skybox/sun_glow.png using Guid(10f5925e5a532434fac48f4e5f502b9c) Importer(815301076,1909f56bfc062723c751e8b465ee728b)  -> (artifact id: '2c3e7d4b2e0831d6fb88726f5fdfa871') in 0.026780 seconds 
  Import took 0.045775 seconds .

========================================================================
Received Import Request.
  Time since last request: 0.000965 seconds.
  path: Packages/com.unity.timeline/Editor/StyleSheets/Images/Shared/Timeline-Marker-Multi-Overlay.png
  artifactKey: Guid(75f26f1c549568c4e9950a368bd08cb8) Importer(815301076,1909f56bfc062723c751e8b465ee728b)
Start importing Packages/com.unity.timeline/Editor/StyleSheets/Images/Shared/Timeline-Marker-Multi-Overlay.png using Guid(75f26f1c549568c4e9950a368bd08cb8) Importer(815301076,1909f56bfc062723c751e8b465ee728b)  -> (artifact id: 'f1e34cf53a1d8d8dce211b757e9f8b83') in 0.029580 seconds 
  Import took 0.055510 seconds .

